---------------------------------------------
1 ROUGE-1 Average_R: 0.34644 (95%-conf.int. 0.33347 - 0.35889)
1 ROUGE-1 Average_P: 0.37920 (95%-conf.int. 0.36596 - 0.39191)
1 ROUGE-1 Average_F: 0.36198 (95%-conf.int. 0.34857 - 0.37480)
---------------------------------------------
1 ROUGE-2 Average_R: 0.06847 (95%-conf.int. 0.06186 - 0.07491)
1 ROUGE-2 Average_P: 0.07487 (95%-conf.int. 0.06762 - 0.08163)
1 ROUGE-2 Average_F: 0.07150 (95%-conf.int. 0.06456 - 0.07813)
---------------------------------------------
1 ROUGE-3 Average_R: 0.01982 (95%-conf.int. 0.01653 - 0.02334)
1 ROUGE-3 Average_P: 0.02169 (95%-conf.int. 0.01808 - 0.02558)
1 ROUGE-3 Average_F: 0.02071 (95%-conf.int. 0.01725 - 0.02443)
---------------------------------------------
1 ROUGE-4 Average_R: 0.00806 (95%-conf.int. 0.00596 - 0.01025)
1 ROUGE-4 Average_P: 0.00886 (95%-conf.int. 0.00654 - 0.01132)
1 ROUGE-4 Average_F: 0.00844 (95%-conf.int. 0.00624 - 0.01076)
---------------------------------------------
1 ROUGE-L Average_R: 0.31346 (95%-conf.int. 0.30162 - 0.32484)
1 ROUGE-L Average_P: 0.34311 (95%-conf.int. 0.33099 - 0.35452)
1 ROUGE-L Average_F: 0.32752 (95%-conf.int. 0.31555 - 0.33893)
---------------------------------------------
1 ROUGE-W-1.2 Average_R: 0.09160 (95%-conf.int. 0.08818 - 0.09488)
1 ROUGE-W-1.2 Average_P: 0.18307 (95%-conf.int. 0.17642 - 0.18919)
1 ROUGE-W-1.2 Average_F: 0.12206 (95%-conf.int. 0.11754 - 0.12622)
---------------------------------------------
1 ROUGE-SU4 Average_R: 0.11581 (95%-conf.int. 0.10876 - 0.12241)
1 ROUGE-SU4 Average_P: 0.12683 (95%-conf.int. 0.11956 - 0.13397)
1 ROUGE-SU4 Average_F: 0.12104 (95%-conf.int. 0.11382 - 0.12779)
