---------------------------------------------
1 ROUGE-1 Average_R: 0.37955 (95%-conf.int. 0.36919 - 0.38982)
1 ROUGE-1 Average_P: 0.39160 (95%-conf.int. 0.37978 - 0.40336)
1 ROUGE-1 Average_F: 0.38536 (95%-conf.int. 0.37479 - 0.39591)
---------------------------------------------
1 ROUGE-2 Average_R: 0.07901 (95%-conf.int. 0.07191 - 0.08611)
1 ROUGE-2 Average_P: 0.08164 (95%-conf.int. 0.07418 - 0.08910)
1 ROUGE-2 Average_F: 0.08027 (95%-conf.int. 0.07285 - 0.08751)
---------------------------------------------
1 ROUGE-3 Average_R: 0.02224 (95%-conf.int. 0.01856 - 0.02602)
1 ROUGE-3 Average_P: 0.02301 (95%-conf.int. 0.01912 - 0.02693)
1 ROUGE-3 Average_F: 0.02261 (95%-conf.int. 0.01884 - 0.02643)
---------------------------------------------
1 ROUGE-4 Average_R: 0.01011 (95%-conf.int. 0.00786 - 0.01237)
1 ROUGE-4 Average_P: 0.01045 (95%-conf.int. 0.00812 - 0.01279)
1 ROUGE-4 Average_F: 0.01028 (95%-conf.int. 0.00798 - 0.01257)
---------------------------------------------
1 ROUGE-L Average_R: 0.34617 (95%-conf.int. 0.33694 - 0.35558)
1 ROUGE-L Average_P: 0.35721 (95%-conf.int. 0.34639 - 0.36790)
1 ROUGE-L Average_F: 0.35150 (95%-conf.int. 0.34181 - 0.36151)
---------------------------------------------
1 ROUGE-W-1.2 Average_R: 0.10121 (95%-conf.int. 0.09827 - 0.10421)
1 ROUGE-W-1.2 Average_P: 0.19060 (95%-conf.int. 0.18458 - 0.19646)
1 ROUGE-W-1.2 Average_F: 0.13216 (95%-conf.int. 0.12821 - 0.13612)
---------------------------------------------
1 ROUGE-SU4 Average_R: 0.13450 (95%-conf.int. 0.12790 - 0.14119)
1 ROUGE-SU4 Average_P: 0.13884 (95%-conf.int. 0.13184 - 0.14578)
1 ROUGE-SU4 Average_F: 0.13659 (95%-conf.int. 0.12980 - 0.14327)
