---------------------------------------------
1 ROUGE-1 Average_R: 0.35426 (95%-conf.int. 0.34197 - 0.36652)
1 ROUGE-1 Average_P: 0.39484 (95%-conf.int. 0.38222 - 0.40719)
1 ROUGE-1 Average_F: 0.37331 (95%-conf.int. 0.36070 - 0.38524)
---------------------------------------------
1 ROUGE-2 Average_R: 0.06788 (95%-conf.int. 0.06090 - 0.07530)
1 ROUGE-2 Average_P: 0.07561 (95%-conf.int. 0.06796 - 0.08354)
1 ROUGE-2 Average_F: 0.07151 (95%-conf.int. 0.06432 - 0.07918)
---------------------------------------------
1 ROUGE-3 Average_R: 0.01874 (95%-conf.int. 0.01477 - 0.02279)
1 ROUGE-3 Average_P: 0.02085 (95%-conf.int. 0.01643 - 0.02541)
1 ROUGE-3 Average_F: 0.01973 (95%-conf.int. 0.01556 - 0.02406)
---------------------------------------------
1 ROUGE-4 Average_R: 0.00764 (95%-conf.int. 0.00523 - 0.01045)
1 ROUGE-4 Average_P: 0.00849 (95%-conf.int. 0.00583 - 0.01158)
1 ROUGE-4 Average_F: 0.00804 (95%-conf.int. 0.00552 - 0.01098)
---------------------------------------------
1 ROUGE-L Average_R: 0.32099 (95%-conf.int. 0.30993 - 0.33193)
1 ROUGE-L Average_P: 0.35782 (95%-conf.int. 0.34616 - 0.36864)
1 ROUGE-L Average_F: 0.33828 (95%-conf.int. 0.32704 - 0.34908)
---------------------------------------------
1 ROUGE-W-1.2 Average_R: 0.09349 (95%-conf.int. 0.09014 - 0.09688)
1 ROUGE-W-1.2 Average_P: 0.19044 (95%-conf.int. 0.18389 - 0.19674)
1 ROUGE-W-1.2 Average_F: 0.12535 (95%-conf.int. 0.12104 - 0.12978)
---------------------------------------------
1 ROUGE-SU4 Average_R: 0.11908 (95%-conf.int. 0.11248 - 0.12626)
1 ROUGE-SU4 Average_P: 0.13283 (95%-conf.int. 0.12563 - 0.14028)
1 ROUGE-SU4 Average_F: 0.12553 (95%-conf.int. 0.11851 - 0.13287)
