---------------------------------------------
1 ROUGE-1 Average_R: 0.36995 (95%-conf.int. 0.35961 - 0.38069)
1 ROUGE-1 Average_P: 0.38800 (95%-conf.int. 0.37660 - 0.39987)
1 ROUGE-1 Average_F: 0.37868 (95%-conf.int. 0.36796 - 0.38981)
---------------------------------------------
1 ROUGE-2 Average_R: 0.06997 (95%-conf.int. 0.06370 - 0.07617)
1 ROUGE-2 Average_P: 0.07349 (95%-conf.int. 0.06684 - 0.08013)
1 ROUGE-2 Average_F: 0.07167 (95%-conf.int. 0.06522 - 0.07809)
---------------------------------------------
1 ROUGE-3 Average_R: 0.01739 (95%-conf.int. 0.01453 - 0.02043)
1 ROUGE-3 Average_P: 0.01829 (95%-conf.int. 0.01524 - 0.02152)
1 ROUGE-3 Average_F: 0.01783 (95%-conf.int. 0.01489 - 0.02097)
---------------------------------------------
1 ROUGE-4 Average_R: 0.00665 (95%-conf.int. 0.00502 - 0.00851)
1 ROUGE-4 Average_P: 0.00699 (95%-conf.int. 0.00528 - 0.00900)
1 ROUGE-4 Average_F: 0.00682 (95%-conf.int. 0.00514 - 0.00875)
---------------------------------------------
1 ROUGE-L Average_R: 0.33973 (95%-conf.int. 0.32996 - 0.34948)
1 ROUGE-L Average_P: 0.35633 (95%-conf.int. 0.34565 - 0.36761)
1 ROUGE-L Average_F: 0.34776 (95%-conf.int. 0.33778 - 0.35806)
---------------------------------------------
1 ROUGE-W-1.2 Average_R: 0.09825 (95%-conf.int. 0.09526 - 0.10115)
1 ROUGE-W-1.2 Average_P: 0.18802 (95%-conf.int. 0.18253 - 0.19350)
1 ROUGE-W-1.2 Average_F: 0.12902 (95%-conf.int. 0.12529 - 0.13280)
---------------------------------------------
1 ROUGE-SU4 Average_R: 0.12360 (95%-conf.int. 0.11779 - 0.12913)
1 ROUGE-SU4 Average_P: 0.12972 (95%-conf.int. 0.12371 - 0.13588)
1 ROUGE-SU4 Average_F: 0.12656 (95%-conf.int. 0.12069 - 0.13249)
