---------------------------------------------
1 ROUGE-1 Average_R: 0.38959 (95%-conf.int. 0.37753 - 0.40275)
1 ROUGE-1 Average_P: 0.39765 (95%-conf.int. 0.38570 - 0.41053)
1 ROUGE-1 Average_F: 0.39349 (95%-conf.int. 0.38148 - 0.40648)
---------------------------------------------
1 ROUGE-2 Average_R: 0.08428 (95%-conf.int. 0.07618 - 0.09283)
1 ROUGE-2 Average_P: 0.08600 (95%-conf.int. 0.07773 - 0.09457)
1 ROUGE-2 Average_F: 0.08511 (95%-conf.int. 0.07693 - 0.09365)
---------------------------------------------
1 ROUGE-3 Average_R: 0.02561 (95%-conf.int. 0.02088 - 0.03060)
1 ROUGE-3 Average_P: 0.02609 (95%-conf.int. 0.02123 - 0.03121)
1 ROUGE-3 Average_F: 0.02584 (95%-conf.int. 0.02105 - 0.03080)
---------------------------------------------
1 ROUGE-4 Average_R: 0.01134 (95%-conf.int. 0.00813 - 0.01480)
1 ROUGE-4 Average_P: 0.01154 (95%-conf.int. 0.00830 - 0.01500)
1 ROUGE-4 Average_F: 0.01144 (95%-conf.int. 0.00823 - 0.01491)
---------------------------------------------
1 ROUGE-L Average_R: 0.35816 (95%-conf.int. 0.34642 - 0.37080)
1 ROUGE-L Average_P: 0.36559 (95%-conf.int. 0.35423 - 0.37816)
1 ROUGE-L Average_F: 0.36175 (95%-conf.int. 0.35005 - 0.37441)
---------------------------------------------
1 ROUGE-W-1.2 Average_R: 0.10448 (95%-conf.int. 0.10079 - 0.10840)
1 ROUGE-W-1.2 Average_P: 0.19476 (95%-conf.int. 0.18810 - 0.20215)
1 ROUGE-W-1.2 Average_F: 0.13596 (95%-conf.int. 0.13129 - 0.14103)
---------------------------------------------
1 ROUGE-SU4 Average_R: 0.13861 (95%-conf.int. 0.13089 - 0.14655)
1 ROUGE-SU4 Average_P: 0.14143 (95%-conf.int. 0.13367 - 0.14946)
1 ROUGE-SU4 Average_F: 0.13998 (95%-conf.int. 0.13223 - 0.14780)
