---------------------------------------------
1 ROUGE-1 Average_R: 0.29828 (95%-conf.int. 0.27671 - 0.31738)
1 ROUGE-1 Average_P: 0.34578 (95%-conf.int. 0.32655 - 0.36370)
1 ROUGE-1 Average_F: 0.31691 (95%-conf.int. 0.29614 - 0.33412)
---------------------------------------------
1 ROUGE-2 Average_R: 0.04912 (95%-conf.int. 0.04161 - 0.05703)
1 ROUGE-2 Average_P: 0.05704 (95%-conf.int. 0.04844 - 0.06571)
1 ROUGE-2 Average_F: 0.05234 (95%-conf.int. 0.04453 - 0.06058)
---------------------------------------------
1 ROUGE-3 Average_R: 0.01284 (95%-conf.int. 0.00928 - 0.01693)
1 ROUGE-3 Average_P: 0.01486 (95%-conf.int. 0.01094 - 0.01913)
1 ROUGE-3 Average_F: 0.01366 (95%-conf.int. 0.00998 - 0.01782)
---------------------------------------------
1 ROUGE-4 Average_R: 0.00562 (95%-conf.int. 0.00341 - 0.00839)
1 ROUGE-4 Average_P: 0.00651 (95%-conf.int. 0.00410 - 0.00941)
1 ROUGE-4 Average_F: 0.00598 (95%-conf.int. 0.00374 - 0.00879)
---------------------------------------------
1 ROUGE-L Average_R: 0.27667 (95%-conf.int. 0.25763 - 0.29474)
1 ROUGE-L Average_P: 0.32072 (95%-conf.int. 0.30322 - 0.33682)
1 ROUGE-L Average_F: 0.29390 (95%-conf.int. 0.27489 - 0.30945)
---------------------------------------------
1 ROUGE-W-1.2 Average_R: 0.08081 (95%-conf.int. 0.07543 - 0.08623)
1 ROUGE-W-1.2 Average_P: 0.17214 (95%-conf.int. 0.16381 - 0.18027)
1 ROUGE-W-1.2 Average_F: 0.10883 (95%-conf.int. 0.10187 - 0.11500)
---------------------------------------------
1 ROUGE-SU4 Average_R: 0.09627 (95%-conf.int. 0.08826 - 0.10461)
1 ROUGE-SU4 Average_P: 0.11196 (95%-conf.int. 0.10337 - 0.12062)
1 ROUGE-SU4 Average_F: 0.10244 (95%-conf.int. 0.09405 - 0.11042)
