---------------------------------------------
1 ROUGE-1 Average_R: 0.39144 (95%-conf.int. 0.37801 - 0.40341)
1 ROUGE-1 Average_P: 0.38897 (95%-conf.int. 0.37584 - 0.40097)
1 ROUGE-1 Average_F: 0.39017 (95%-conf.int. 0.37693 - 0.40205)
---------------------------------------------
1 ROUGE-2 Average_R: 0.11070 (95%-conf.int. 0.10192 - 0.11923)
1 ROUGE-2 Average_P: 0.10996 (95%-conf.int. 0.10140 - 0.11811)
1 ROUGE-2 Average_F: 0.11033 (95%-conf.int. 0.10162 - 0.11865)
---------------------------------------------
1 ROUGE-3 Average_R: 0.04943 (95%-conf.int. 0.04388 - 0.05496)
1 ROUGE-3 Average_P: 0.04905 (95%-conf.int. 0.04362 - 0.05438)
1 ROUGE-3 Average_F: 0.04924 (95%-conf.int. 0.04377 - 0.05463)
---------------------------------------------
1 ROUGE-4 Average_R: 0.02945 (95%-conf.int. 0.02565 - 0.03362)
1 ROUGE-4 Average_P: 0.02922 (95%-conf.int. 0.02548 - 0.03325)
1 ROUGE-4 Average_F: 0.02933 (95%-conf.int. 0.02556 - 0.03344)
---------------------------------------------
1 ROUGE-L Average_R: 0.32218 (95%-conf.int. 0.31216 - 0.33252)
1 ROUGE-L Average_P: 0.32021 (95%-conf.int. 0.30975 - 0.33032)
1 ROUGE-L Average_F: 0.32117 (95%-conf.int. 0.31093 - 0.33133)
---------------------------------------------
1 ROUGE-W-1.2 Average_R: 0.09606 (95%-conf.int. 0.09287 - 0.09910)
1 ROUGE-W-1.2 Average_P: 0.17426 (95%-conf.int. 0.16867 - 0.17962)
1 ROUGE-W-1.2 Average_F: 0.12383 (95%-conf.int. 0.11984 - 0.12763)
---------------------------------------------
1 ROUGE-SU4 Average_R: 0.14894 (95%-conf.int. 0.14111 - 0.15674)
1 ROUGE-SU4 Average_P: 0.14797 (95%-conf.int. 0.14023 - 0.15536)
1 ROUGE-SU4 Average_F: 0.14844 (95%-conf.int. 0.14070 - 0.15613)
