---------------------------------------------
1 ROUGE-1 Average_R: 0.37611 (95%-conf.int. 0.36379 - 0.38862)
1 ROUGE-1 Average_P: 0.39622 (95%-conf.int. 0.38361 - 0.40921)
1 ROUGE-1 Average_F: 0.38584 (95%-conf.int. 0.37363 - 0.39855)
---------------------------------------------
1 ROUGE-2 Average_R: 0.07798 (95%-conf.int. 0.07155 - 0.08531)
1 ROUGE-2 Average_P: 0.08215 (95%-conf.int. 0.07537 - 0.08975)
1 ROUGE-2 Average_F: 0.08000 (95%-conf.int. 0.07342 - 0.08743)
---------------------------------------------
1 ROUGE-3 Average_R: 0.02125 (95%-conf.int. 0.01784 - 0.02497)
1 ROUGE-3 Average_P: 0.02237 (95%-conf.int. 0.01883 - 0.02630)
1 ROUGE-3 Average_F: 0.02179 (95%-conf.int. 0.01832 - 0.02562)
---------------------------------------------
1 ROUGE-4 Average_R: 0.00856 (95%-conf.int. 0.00663 - 0.01081)
1 ROUGE-4 Average_P: 0.00902 (95%-conf.int. 0.00698 - 0.01134)
1 ROUGE-4 Average_F: 0.00878 (95%-conf.int. 0.00679 - 0.01107)
---------------------------------------------
1 ROUGE-L Average_R: 0.34014 (95%-conf.int. 0.32940 - 0.35111)
1 ROUGE-L Average_P: 0.35836 (95%-conf.int. 0.34795 - 0.36973)
1 ROUGE-L Average_F: 0.34895 (95%-conf.int. 0.33849 - 0.36003)
---------------------------------------------
1 ROUGE-W-1.2 Average_R: 0.09862 (95%-conf.int. 0.09541 - 0.10190)
1 ROUGE-W-1.2 Average_P: 0.18964 (95%-conf.int. 0.18399 - 0.19558)
1 ROUGE-W-1.2 Average_F: 0.12972 (95%-conf.int. 0.12562 - 0.13390)
---------------------------------------------
1 ROUGE-SU4 Average_R: 0.12954 (95%-conf.int. 0.12286 - 0.13659)
1 ROUGE-SU4 Average_P: 0.13649 (95%-conf.int. 0.12968 - 0.14366)
1 ROUGE-SU4 Average_F: 0.13290 (95%-conf.int. 0.12607 - 0.14011)
