---------------------------------------------
1 ROUGE-1 Average_R: 0.39578 (95%-conf.int. 0.38434 - 0.40842)
1 ROUGE-1 Average_P: 0.40991 (95%-conf.int. 0.39880 - 0.42203)
1 ROUGE-1 Average_F: 0.40263 (95%-conf.int. 0.39144 - 0.41520)
---------------------------------------------
1 ROUGE-2 Average_R: 0.08982 (95%-conf.int. 0.08070 - 0.09911)
1 ROUGE-2 Average_P: 0.09295 (95%-conf.int. 0.08384 - 0.10259)
1 ROUGE-2 Average_F: 0.09134 (95%-conf.int. 0.08219 - 0.10075)
---------------------------------------------
1 ROUGE-3 Average_R: 0.02643 (95%-conf.int. 0.02207 - 0.03150)
1 ROUGE-3 Average_P: 0.02731 (95%-conf.int. 0.02291 - 0.03243)
1 ROUGE-3 Average_F: 0.02686 (95%-conf.int. 0.02250 - 0.03201)
---------------------------------------------
1 ROUGE-4 Average_R: 0.01114 (95%-conf.int. 0.00847 - 0.01422)
1 ROUGE-4 Average_P: 0.01150 (95%-conf.int. 0.00874 - 0.01466)
1 ROUGE-4 Average_F: 0.01131 (95%-conf.int. 0.00862 - 0.01440)
---------------------------------------------
1 ROUGE-L Average_R: 0.36346 (95%-conf.int. 0.35327 - 0.37533)
1 ROUGE-L Average_P: 0.37644 (95%-conf.int. 0.36618 - 0.38779)
1 ROUGE-L Average_F: 0.36975 (95%-conf.int. 0.35928 - 0.38144)
---------------------------------------------
1 ROUGE-W-1.2 Average_R: 0.10592 (95%-conf.int. 0.10260 - 0.10967)
1 ROUGE-W-1.2 Average_P: 0.20025 (95%-conf.int. 0.19438 - 0.20660)
1 ROUGE-W-1.2 Average_F: 0.13852 (95%-conf.int. 0.13426 - 0.14315)
---------------------------------------------
1 ROUGE-SU4 Average_R: 0.14163 (95%-conf.int. 0.13420 - 0.14966)
1 ROUGE-SU4 Average_P: 0.14667 (95%-conf.int. 0.13927 - 0.15477)
1 ROUGE-SU4 Average_F: 0.14407 (95%-conf.int. 0.13672 - 0.15214)
