---------------------------------------------
1 ROUGE-1 Average_R: 0.38550 (95%-conf.int. 0.37340 - 0.39840)
1 ROUGE-1 Average_P: 0.40021 (95%-conf.int. 0.38904 - 0.41227)
1 ROUGE-1 Average_F: 0.39260 (95%-conf.int. 0.38140 - 0.40471)
---------------------------------------------
1 ROUGE-2 Average_R: 0.08633 (95%-conf.int. 0.07854 - 0.09469)
1 ROUGE-2 Average_P: 0.08954 (95%-conf.int. 0.08173 - 0.09803)
1 ROUGE-2 Average_F: 0.08788 (95%-conf.int. 0.08012 - 0.09632)
---------------------------------------------
1 ROUGE-3 Average_R: 0.02507 (95%-conf.int. 0.02138 - 0.02935)
1 ROUGE-3 Average_P: 0.02598 (95%-conf.int. 0.02219 - 0.03040)
1 ROUGE-3 Average_F: 0.02551 (95%-conf.int. 0.02174 - 0.02980)
---------------------------------------------
1 ROUGE-4 Average_R: 0.00989 (95%-conf.int. 0.00784 - 0.01225)
1 ROUGE-4 Average_P: 0.01025 (95%-conf.int. 0.00813 - 0.01266)
1 ROUGE-4 Average_F: 0.01006 (95%-conf.int. 0.00798 - 0.01246)
---------------------------------------------
1 ROUGE-L Average_R: 0.35481 (95%-conf.int. 0.34352 - 0.36651)
1 ROUGE-L Average_P: 0.36836 (95%-conf.int. 0.35815 - 0.37944)
1 ROUGE-L Average_F: 0.36135 (95%-conf.int. 0.35082 - 0.37284)
---------------------------------------------
1 ROUGE-W-1.2 Average_R: 0.10334 (95%-conf.int. 0.09992 - 0.10687)
1 ROUGE-W-1.2 Average_P: 0.19584 (95%-conf.int. 0.19031 - 0.20211)
1 ROUGE-W-1.2 Average_F: 0.13524 (95%-conf.int. 0.13107 - 0.13968)
---------------------------------------------
1 ROUGE-SU4 Average_R: 0.13882 (95%-conf.int. 0.13178 - 0.14663)
1 ROUGE-SU4 Average_P: 0.14410 (95%-conf.int. 0.13729 - 0.15185)
1 ROUGE-SU4 Average_F: 0.14137 (95%-conf.int. 0.13450 - 0.14916)
