---------------------------------------------
1 ROUGE-1 Average_R: 0.36298 (95%-conf.int. 0.35041 - 0.37583)
1 ROUGE-1 Average_P: 0.39850 (95%-conf.int. 0.38507 - 0.41202)
1 ROUGE-1 Average_F: 0.37976 (95%-conf.int. 0.36689 - 0.39276)
---------------------------------------------
1 ROUGE-2 Average_R: 0.07635 (95%-conf.int. 0.06897 - 0.08426)
1 ROUGE-2 Average_P: 0.08372 (95%-conf.int. 0.07580 - 0.09190)
1 ROUGE-2 Average_F: 0.07983 (95%-conf.int. 0.07225 - 0.08789)
---------------------------------------------
1 ROUGE-3 Average_R: 0.02206 (95%-conf.int. 0.01853 - 0.02598)
1 ROUGE-3 Average_P: 0.02420 (95%-conf.int. 0.02021 - 0.02838)
1 ROUGE-3 Average_F: 0.02307 (95%-conf.int. 0.01932 - 0.02709)
---------------------------------------------
1 ROUGE-4 Average_R: 0.00878 (95%-conf.int. 0.00649 - 0.01120)
1 ROUGE-4 Average_P: 0.00963 (95%-conf.int. 0.00713 - 0.01234)
1 ROUGE-4 Average_F: 0.00918 (95%-conf.int. 0.00679 - 0.01173)
---------------------------------------------
1 ROUGE-L Average_R: 0.32802 (95%-conf.int. 0.31697 - 0.33918)
1 ROUGE-L Average_P: 0.36009 (95%-conf.int. 0.34806 - 0.37216)
1 ROUGE-L Average_F: 0.34317 (95%-conf.int. 0.33213 - 0.35463)
---------------------------------------------
1 ROUGE-W-1.2 Average_R: 0.09590 (95%-conf.int. 0.09254 - 0.09931)
1 ROUGE-W-1.2 Average_P: 0.19222 (95%-conf.int. 0.18554 - 0.19909)
1 ROUGE-W-1.2 Average_F: 0.12790 (95%-conf.int. 0.12350 - 0.13237)
---------------------------------------------
1 ROUGE-SU4 Average_R: 0.12589 (95%-conf.int. 0.11863 - 0.13331)
1 ROUGE-SU4 Average_P: 0.13830 (95%-conf.int. 0.13041 - 0.14629)
1 ROUGE-SU4 Average_F: 0.13175 (95%-conf.int. 0.12412 - 0.13945)
