---------------------------------------------
1 ROUGE-1 Average_R: 0.37307 (95%-conf.int. 0.36110 - 0.38517)
1 ROUGE-1 Average_P: 0.41169 (95%-conf.int. 0.39799 - 0.42523)
1 ROUGE-1 Average_F: 0.39125 (95%-conf.int. 0.37860 - 0.40392)
---------------------------------------------
1 ROUGE-2 Average_R: 0.08521 (95%-conf.int. 0.07808 - 0.09230)
1 ROUGE-2 Average_P: 0.09425 (95%-conf.int. 0.08636 - 0.10217)
1 ROUGE-2 Average_F: 0.08946 (95%-conf.int. 0.08208 - 0.09690)
---------------------------------------------
1 ROUGE-3 Average_R: 0.02828 (95%-conf.int. 0.02416 - 0.03204)
1 ROUGE-3 Average_P: 0.03131 (95%-conf.int. 0.02685 - 0.03552)
1 ROUGE-3 Average_F: 0.02970 (95%-conf.int. 0.02543 - 0.03367)
---------------------------------------------
1 ROUGE-4 Average_R: 0.01331 (95%-conf.int. 0.01056 - 0.01615)
1 ROUGE-4 Average_P: 0.01475 (95%-conf.int. 0.01173 - 0.01787)
1 ROUGE-4 Average_F: 0.01399 (95%-conf.int. 0.01109 - 0.01698)
---------------------------------------------
1 ROUGE-L Average_R: 0.33667 (95%-conf.int. 0.32580 - 0.34814)
1 ROUGE-L Average_P: 0.37160 (95%-conf.int. 0.35926 - 0.38488)
1 ROUGE-L Average_F: 0.35311 (95%-conf.int. 0.34159 - 0.36491)
---------------------------------------------
1 ROUGE-W-1.2 Average_R: 0.09729 (95%-conf.int. 0.09409 - 0.10073)
1 ROUGE-W-1.2 Average_P: 0.19943 (95%-conf.int. 0.19250 - 0.20663)
1 ROUGE-W-1.2 Average_F: 0.13070 (95%-conf.int. 0.12633 - 0.13545)
---------------------------------------------
1 ROUGE-SU4 Average_R: 0.13287 (95%-conf.int. 0.12579 - 0.14028)
1 ROUGE-SU4 Average_P: 0.14690 (95%-conf.int. 0.13896 - 0.15526)
1 ROUGE-SU4 Average_F: 0.13946 (95%-conf.int. 0.13187 - 0.14715)
