---------------------------------------------
1 ROUGE-1 Average_R: 0.41185 (95%-conf.int. 0.39973 - 0.42416)
1 ROUGE-1 Average_P: 0.40771 (95%-conf.int. 0.39558 - 0.42017)
1 ROUGE-1 Average_F: 0.40961 (95%-conf.int. 0.39767 - 0.42184)
---------------------------------------------
1 ROUGE-2 Average_R: 0.10570 (95%-conf.int. 0.09710 - 0.11413)
1 ROUGE-2 Average_P: 0.10477 (95%-conf.int. 0.09620 - 0.11355)
1 ROUGE-2 Average_F: 0.10519 (95%-conf.int. 0.09670 - 0.11388)
---------------------------------------------
1 ROUGE-3 Average_R: 0.03751 (95%-conf.int. 0.03213 - 0.04295)
1 ROUGE-3 Average_P: 0.03718 (95%-conf.int. 0.03175 - 0.04279)
1 ROUGE-3 Average_F: 0.03733 (95%-conf.int. 0.03191 - 0.04283)
---------------------------------------------
1 ROUGE-4 Average_R: 0.01745 (95%-conf.int. 0.01401 - 0.02088)
1 ROUGE-4 Average_P: 0.01728 (95%-conf.int. 0.01388 - 0.02071)
1 ROUGE-4 Average_F: 0.01736 (95%-conf.int. 0.01395 - 0.02078)
---------------------------------------------
1 ROUGE-L Average_R: 0.38012 (95%-conf.int. 0.36921 - 0.39155)
1 ROUGE-L Average_P: 0.37631 (95%-conf.int. 0.36505 - 0.38847)
1 ROUGE-L Average_F: 0.37806 (95%-conf.int. 0.36693 - 0.38956)
---------------------------------------------
1 ROUGE-W-1.2 Average_R: 0.11030 (95%-conf.int. 0.10701 - 0.11360)
1 ROUGE-W-1.2 Average_P: 0.20282 (95%-conf.int. 0.19623 - 0.20944)
1 ROUGE-W-1.2 Average_F: 0.14281 (95%-conf.int. 0.13845 - 0.14708)
---------------------------------------------
1 ROUGE-SU4 Average_R: 0.15617 (95%-conf.int. 0.14834 - 0.16411)
1 ROUGE-SU4 Average_P: 0.15464 (95%-conf.int. 0.14684 - 0.16267)
1 ROUGE-SU4 Average_F: 0.15535 (95%-conf.int. 0.14740 - 0.16333)
