---------------------------------------------
1 ROUGE-1 Average_R: 0.37441 (95%-conf.int. 0.36160 - 0.38709)
1 ROUGE-1 Average_P: 0.41595 (95%-conf.int. 0.40215 - 0.42951)
1 ROUGE-1 Average_F: 0.39386 (95%-conf.int. 0.38113 - 0.40656)
---------------------------------------------
1 ROUGE-2 Average_R: 0.07927 (95%-conf.int. 0.07237 - 0.08635)
1 ROUGE-2 Average_P: 0.08800 (95%-conf.int. 0.08055 - 0.09609)
1 ROUGE-2 Average_F: 0.08336 (95%-conf.int. 0.07626 - 0.09103)
---------------------------------------------
1 ROUGE-3 Average_R: 0.02383 (95%-conf.int. 0.01994 - 0.02785)
1 ROUGE-3 Average_P: 0.02641 (95%-conf.int. 0.02215 - 0.03091)
1 ROUGE-3 Average_F: 0.02504 (95%-conf.int. 0.02099 - 0.02928)
---------------------------------------------
1 ROUGE-4 Average_R: 0.01021 (95%-conf.int. 0.00751 - 0.01327)
1 ROUGE-4 Average_P: 0.01126 (95%-conf.int. 0.00832 - 0.01465)
1 ROUGE-4 Average_F: 0.01070 (95%-conf.int. 0.00789 - 0.01392)
---------------------------------------------
1 ROUGE-L Average_R: 0.33937 (95%-conf.int. 0.32719 - 0.35065)
1 ROUGE-L Average_P: 0.37698 (95%-conf.int. 0.36352 - 0.38903)
1 ROUGE-L Average_F: 0.35698 (95%-conf.int. 0.34468 - 0.36844)
---------------------------------------------
1 ROUGE-W-1.2 Average_R: 0.09765 (95%-conf.int. 0.09439 - 0.10066)
1 ROUGE-W-1.2 Average_P: 0.20160 (95%-conf.int. 0.19424 - 0.20811)
1 ROUGE-W-1.2 Average_F: 0.13149 (95%-conf.int. 0.12706 - 0.13553)
---------------------------------------------
1 ROUGE-SU4 Average_R: 0.13256 (95%-conf.int. 0.12456 - 0.14049)
1 ROUGE-SU4 Average_P: 0.14737 (95%-conf.int. 0.13877 - 0.15598)
1 ROUGE-SU4 Average_F: 0.13949 (95%-conf.int. 0.13119 - 0.14786)
