---------------------------------------------
1 ROUGE-1 Average_R: 0.40827 (95%-conf.int. 0.39697 - 0.41931)
1 ROUGE-1 Average_P: 0.40620 (95%-conf.int. 0.39435 - 0.41796)
1 ROUGE-1 Average_F: 0.40704 (95%-conf.int. 0.39568 - 0.41842)
---------------------------------------------
1 ROUGE-2 Average_R: 0.10195 (95%-conf.int. 0.09421 - 0.10992)
1 ROUGE-2 Average_P: 0.10151 (95%-conf.int. 0.09371 - 0.10972)
1 ROUGE-2 Average_F: 0.10169 (95%-conf.int. 0.09383 - 0.10989)
---------------------------------------------
1 ROUGE-3 Average_R: 0.03561 (95%-conf.int. 0.03078 - 0.04069)
1 ROUGE-3 Average_P: 0.03546 (95%-conf.int. 0.03062 - 0.04051)
1 ROUGE-3 Average_F: 0.03552 (95%-conf.int. 0.03080 - 0.04069)
---------------------------------------------
1 ROUGE-4 Average_R: 0.01672 (95%-conf.int. 0.01393 - 0.01978)
1 ROUGE-4 Average_P: 0.01663 (95%-conf.int. 0.01373 - 0.01970)
1 ROUGE-4 Average_F: 0.01667 (95%-conf.int. 0.01386 - 0.01975)
---------------------------------------------
1 ROUGE-L Average_R: 0.37502 (95%-conf.int. 0.36453 - 0.38519)
1 ROUGE-L Average_P: 0.37309 (95%-conf.int. 0.36167 - 0.38375)
1 ROUGE-L Average_F: 0.37388 (95%-conf.int. 0.36314 - 0.38427)
---------------------------------------------
1 ROUGE-W-1.2 Average_R: 0.10837 (95%-conf.int. 0.10535 - 0.11117)
1 ROUGE-W-1.2 Average_P: 0.20028 (95%-conf.int. 0.19408 - 0.20605)
1 ROUGE-W-1.2 Average_F: 0.14056 (95%-conf.int. 0.13648 - 0.14439)
---------------------------------------------
1 ROUGE-SU4 Average_R: 0.15497 (95%-conf.int. 0.14715 - 0.16268)
1 ROUGE-SU4 Average_P: 0.15426 (95%-conf.int. 0.14599 - 0.16250)
1 ROUGE-SU4 Average_F: 0.15455 (95%-conf.int. 0.14647 - 0.16268)
