---------------------------------------------
1 ROUGE-1 Average_R: 0.40688 (95%-conf.int. 0.39361 - 0.41999)
1 ROUGE-1 Average_P: 0.41094 (95%-conf.int. 0.39773 - 0.42408)
1 ROUGE-1 Average_F: 0.40874 (95%-conf.int. 0.39599 - 0.42172)
---------------------------------------------
1 ROUGE-2 Average_R: 0.10217 (95%-conf.int. 0.09247 - 0.11147)
1 ROUGE-2 Average_P: 0.10319 (95%-conf.int. 0.09364 - 0.11253)
1 ROUGE-2 Average_F: 0.10264 (95%-conf.int. 0.09302 - 0.11194)
---------------------------------------------
1 ROUGE-3 Average_R: 0.03481 (95%-conf.int. 0.02928 - 0.04038)
1 ROUGE-3 Average_P: 0.03518 (95%-conf.int. 0.02961 - 0.04071)
1 ROUGE-3 Average_F: 0.03498 (95%-conf.int. 0.02948 - 0.04048)
---------------------------------------------
1 ROUGE-4 Average_R: 0.01669 (95%-conf.int. 0.01319 - 0.02027)
1 ROUGE-4 Average_P: 0.01690 (95%-conf.int. 0.01336 - 0.02052)
1 ROUGE-4 Average_F: 0.01679 (95%-conf.int. 0.01323 - 0.02037)
---------------------------------------------
1 ROUGE-L Average_R: 0.37348 (95%-conf.int. 0.36151 - 0.38598)
1 ROUGE-L Average_P: 0.37728 (95%-conf.int. 0.36508 - 0.38939)
1 ROUGE-L Average_F: 0.37523 (95%-conf.int. 0.36325 - 0.38721)
---------------------------------------------
1 ROUGE-W-1.2 Average_R: 0.10786 (95%-conf.int. 0.10417 - 0.11147)
1 ROUGE-W-1.2 Average_P: 0.20243 (95%-conf.int. 0.19529 - 0.20947)
1 ROUGE-W-1.2 Average_F: 0.14067 (95%-conf.int. 0.13592 - 0.14534)
---------------------------------------------
1 ROUGE-SU4 Average_R: 0.15122 (95%-conf.int. 0.14295 - 0.15963)
1 ROUGE-SU4 Average_P: 0.15272 (95%-conf.int. 0.14459 - 0.16138)
1 ROUGE-SU4 Average_F: 0.15191 (95%-conf.int. 0.14374 - 0.16038)
