---------------------------------------------
1 ROUGE-1 Average_R: 0.30863 (95%-conf.int. 0.28833 - 0.32762)
1 ROUGE-1 Average_P: 0.36619 (95%-conf.int. 0.35057 - 0.38184)
1 ROUGE-1 Average_F: 0.33100 (95%-conf.int. 0.31484 - 0.34654)
---------------------------------------------
1 ROUGE-2 Average_R: 0.05979 (95%-conf.int. 0.05212 - 0.06781)
1 ROUGE-2 Average_P: 0.07159 (95%-conf.int. 0.06326 - 0.08019)
1 ROUGE-2 Average_F: 0.06435 (95%-conf.int. 0.05675 - 0.07251)
---------------------------------------------
1 ROUGE-3 Average_R: 0.01715 (95%-conf.int. 0.01371 - 0.02081)
1 ROUGE-3 Average_P: 0.02059 (95%-conf.int. 0.01662 - 0.02476)
1 ROUGE-3 Average_F: 0.01847 (95%-conf.int. 0.01491 - 0.02230)
---------------------------------------------
1 ROUGE-4 Average_R: 0.00728 (95%-conf.int. 0.00539 - 0.00940)
1 ROUGE-4 Average_P: 0.00889 (95%-conf.int. 0.00654 - 0.01149)
1 ROUGE-4 Average_F: 0.00789 (95%-conf.int. 0.00587 - 0.01017)
---------------------------------------------
1 ROUGE-L Average_R: 0.28638 (95%-conf.int. 0.26756 - 0.30302)
1 ROUGE-L Average_P: 0.34005 (95%-conf.int. 0.32557 - 0.35517)
1 ROUGE-L Average_F: 0.30722 (95%-conf.int. 0.29189 - 0.32148)
---------------------------------------------
1 ROUGE-W-1.2 Average_R: 0.08251 (95%-conf.int. 0.07728 - 0.08720)
1 ROUGE-W-1.2 Average_P: 0.18240 (95%-conf.int. 0.17440 - 0.19067)
1 ROUGE-W-1.2 Average_F: 0.11250 (95%-conf.int. 0.10675 - 0.11789)
---------------------------------------------
1 ROUGE-SU4 Average_R: 0.10344 (95%-conf.int. 0.09494 - 0.11198)
1 ROUGE-SU4 Average_P: 0.12343 (95%-conf.int. 0.11476 - 0.13226)
1 ROUGE-SU4 Average_F: 0.11118 (95%-conf.int. 0.10339 - 0.11927)
