---------------------------------------------
1 ROUGE-1 Average_R: 0.43113 (95%-conf.int. 0.42018 - 0.44177)
1 ROUGE-1 Average_P: 0.42442 (95%-conf.int. 0.41272 - 0.43526)
1 ROUGE-1 Average_F: 0.42765 (95%-conf.int. 0.41593 - 0.43826)
---------------------------------------------
1 ROUGE-2 Average_R: 0.14290 (95%-conf.int. 0.13348 - 0.15227)
1 ROUGE-2 Average_P: 0.14072 (95%-conf.int. 0.13094 - 0.14992)
1 ROUGE-2 Average_F: 0.14177 (95%-conf.int. 0.13212 - 0.15102)
---------------------------------------------
1 ROUGE-3 Average_R: 0.07136 (95%-conf.int. 0.06444 - 0.07802)
1 ROUGE-3 Average_P: 0.07024 (95%-conf.int. 0.06336 - 0.07663)
1 ROUGE-3 Average_F: 0.07078 (95%-conf.int. 0.06399 - 0.07739)
---------------------------------------------
1 ROUGE-4 Average_R: 0.04389 (95%-conf.int. 0.03908 - 0.04873)
1 ROUGE-4 Average_P: 0.04319 (95%-conf.int. 0.03845 - 0.04798)
1 ROUGE-4 Average_F: 0.04353 (95%-conf.int. 0.03882 - 0.04836)
---------------------------------------------
1 ROUGE-L Average_R: 0.35206 (95%-conf.int. 0.34138 - 0.36197)
1 ROUGE-L Average_P: 0.34663 (95%-conf.int. 0.33520 - 0.35656)
1 ROUGE-L Average_F: 0.34924 (95%-conf.int. 0.33825 - 0.35900)
---------------------------------------------
1 ROUGE-W-1.2 Average_R: 0.10380 (95%-conf.int. 0.10043 - 0.10683)
1 ROUGE-W-1.2 Average_P: 0.18978 (95%-conf.int. 0.18362 - 0.19537)
1 ROUGE-W-1.2 Average_F: 0.13415 (95%-conf.int. 0.12985 - 0.13798)
---------------------------------------------
1 ROUGE-SU4 Average_R: 0.17623 (95%-conf.int. 0.16824 - 0.18395)
1 ROUGE-SU4 Average_P: 0.17349 (95%-conf.int. 0.16552 - 0.18111)
1 ROUGE-SU4 Average_F: 0.17481 (95%-conf.int. 0.16686 - 0.18225)
