---------------------------------------------
1 ROUGE-1 Average_R: 0.40159 (95%-conf.int. 0.38743 - 0.41519)
1 ROUGE-1 Average_P: 0.42055 (95%-conf.int. 0.40711 - 0.43369)
1 ROUGE-1 Average_F: 0.41069 (95%-conf.int. 0.39688 - 0.42363)
---------------------------------------------
1 ROUGE-2 Average_R: 0.09857 (95%-conf.int. 0.09051 - 0.10696)
1 ROUGE-2 Average_P: 0.10324 (95%-conf.int. 0.09519 - 0.11196)
1 ROUGE-2 Average_F: 0.10081 (95%-conf.int. 0.09276 - 0.10911)
---------------------------------------------
1 ROUGE-3 Average_R: 0.03418 (95%-conf.int. 0.02923 - 0.03964)
1 ROUGE-3 Average_P: 0.03578 (95%-conf.int. 0.03063 - 0.04139)
1 ROUGE-3 Average_F: 0.03495 (95%-conf.int. 0.02992 - 0.04040)
---------------------------------------------
1 ROUGE-4 Average_R: 0.01587 (95%-conf.int. 0.01255 - 0.01954)
1 ROUGE-4 Average_P: 0.01660 (95%-conf.int. 0.01314 - 0.02037)
1 ROUGE-4 Average_F: 0.01622 (95%-conf.int. 0.01289 - 0.01997)
---------------------------------------------
1 ROUGE-L Average_R: 0.36444 (95%-conf.int. 0.35217 - 0.37729)
1 ROUGE-L Average_P: 0.38161 (95%-conf.int. 0.37007 - 0.39313)
1 ROUGE-L Average_F: 0.37268 (95%-conf.int. 0.36105 - 0.38491)
---------------------------------------------
1 ROUGE-W-1.2 Average_R: 0.10579 (95%-conf.int. 0.10209 - 0.10944)
1 ROUGE-W-1.2 Average_P: 0.20569 (95%-conf.int. 0.19918 - 0.21219)
1 ROUGE-W-1.2 Average_F: 0.13965 (95%-conf.int. 0.13506 - 0.14434)
---------------------------------------------
1 ROUGE-SU4 Average_R: 0.14866 (95%-conf.int. 0.14109 - 0.15659)
1 ROUGE-SU4 Average_P: 0.15570 (95%-conf.int. 0.14798 - 0.16366)
1 ROUGE-SU4 Average_F: 0.15204 (95%-conf.int. 0.14439 - 0.16003)
