---------------------------------------------
1 ROUGE-1 Average_R: 0.41344 (95%-conf.int. 0.40068 - 0.42636)
1 ROUGE-1 Average_P: 0.42201 (95%-conf.int. 0.40953 - 0.43494)
1 ROUGE-1 Average_F: 0.41751 (95%-conf.int. 0.40478 - 0.43048)
---------------------------------------------
1 ROUGE-2 Average_R: 0.10853 (95%-conf.int. 0.10061 - 0.11667)
1 ROUGE-2 Average_P: 0.11096 (95%-conf.int. 0.10245 - 0.11951)
1 ROUGE-2 Average_F: 0.10969 (95%-conf.int. 0.10155 - 0.11804)
---------------------------------------------
1 ROUGE-3 Average_R: 0.03711 (95%-conf.int. 0.03198 - 0.04205)
1 ROUGE-3 Average_P: 0.03799 (95%-conf.int. 0.03280 - 0.04316)
1 ROUGE-3 Average_F: 0.03753 (95%-conf.int. 0.03238 - 0.04261)
---------------------------------------------
1 ROUGE-4 Average_R: 0.01689 (95%-conf.int. 0.01389 - 0.01989)
1 ROUGE-4 Average_P: 0.01732 (95%-conf.int. 0.01420 - 0.02043)
1 ROUGE-4 Average_F: 0.01710 (95%-conf.int. 0.01407 - 0.02012)
---------------------------------------------
1 ROUGE-L Average_R: 0.37984 (95%-conf.int. 0.36783 - 0.39123)
1 ROUGE-L Average_P: 0.38773 (95%-conf.int. 0.37653 - 0.39943)
1 ROUGE-L Average_F: 0.38359 (95%-conf.int. 0.37203 - 0.39499)
---------------------------------------------
1 ROUGE-W-1.2 Average_R: 0.11039 (95%-conf.int. 0.10698 - 0.11355)
1 ROUGE-W-1.2 Average_P: 0.20944 (95%-conf.int. 0.20306 - 0.21576)
1 ROUGE-W-1.2 Average_F: 0.14451 (95%-conf.int. 0.14016 - 0.14863)
---------------------------------------------
1 ROUGE-SU4 Average_R: 0.15770 (95%-conf.int. 0.14970 - 0.16582)
1 ROUGE-SU4 Average_P: 0.16101 (95%-conf.int. 0.15310 - 0.16902)
1 ROUGE-SU4 Average_F: 0.15927 (95%-conf.int. 0.15141 - 0.16721)
