---------------------------------------------
1 ROUGE-1 Average_R: 0.42126 (95%-conf.int. 0.40866 - 0.43538)
1 ROUGE-1 Average_P: 0.43304 (95%-conf.int. 0.41935 - 0.44715)
1 ROUGE-1 Average_F: 0.42694 (95%-conf.int. 0.41411 - 0.44069)
---------------------------------------------
1 ROUGE-2 Average_R: 0.10833 (95%-conf.int. 0.09985 - 0.11745)
1 ROUGE-2 Average_P: 0.11153 (95%-conf.int. 0.10233 - 0.12084)
1 ROUGE-2 Average_F: 0.10988 (95%-conf.int. 0.10109 - 0.11917)
---------------------------------------------
1 ROUGE-3 Average_R: 0.03753 (95%-conf.int. 0.03229 - 0.04306)
1 ROUGE-3 Average_P: 0.03869 (95%-conf.int. 0.03326 - 0.04433)
1 ROUGE-3 Average_F: 0.03809 (95%-conf.int. 0.03277 - 0.04372)
---------------------------------------------
1 ROUGE-4 Average_R: 0.01761 (95%-conf.int. 0.01453 - 0.02098)
1 ROUGE-4 Average_P: 0.01818 (95%-conf.int. 0.01492 - 0.02165)
1 ROUGE-4 Average_F: 0.01789 (95%-conf.int. 0.01475 - 0.02131)
---------------------------------------------
1 ROUGE-L Average_R: 0.38659 (95%-conf.int. 0.37478 - 0.39940)
1 ROUGE-L Average_P: 0.39750 (95%-conf.int. 0.38465 - 0.41040)
1 ROUGE-L Average_F: 0.39186 (95%-conf.int. 0.37961 - 0.40418)
---------------------------------------------
1 ROUGE-W-1.2 Average_R: 0.11219 (95%-conf.int. 0.10867 - 0.11587)
1 ROUGE-W-1.2 Average_P: 0.21434 (95%-conf.int. 0.20695 - 0.22173)
1 ROUGE-W-1.2 Average_F: 0.14723 (95%-conf.int. 0.14243 - 0.15211)
---------------------------------------------
1 ROUGE-SU4 Average_R: 0.15911 (95%-conf.int. 0.15080 - 0.16819)
1 ROUGE-SU4 Average_P: 0.16363 (95%-conf.int. 0.15499 - 0.17258)
1 ROUGE-SU4 Average_F: 0.16129 (95%-conf.int. 0.15288 - 0.17024)
