---------------------------------------------
1 ROUGE-1 Average_R: 0.38956 (95%-conf.int. 0.37632 - 0.40272)
1 ROUGE-1 Average_P: 0.42539 (95%-conf.int. 0.41278 - 0.43936)
1 ROUGE-1 Average_F: 0.40646 (95%-conf.int. 0.39325 - 0.42011)
---------------------------------------------
1 ROUGE-2 Average_R: 0.09667 (95%-conf.int. 0.08844 - 0.10513)
1 ROUGE-2 Average_P: 0.10559 (95%-conf.int. 0.09657 - 0.11460)
1 ROUGE-2 Average_F: 0.10088 (95%-conf.int. 0.09229 - 0.10960)
---------------------------------------------
1 ROUGE-3 Average_R: 0.03343 (95%-conf.int. 0.02833 - 0.03854)
1 ROUGE-3 Average_P: 0.03652 (95%-conf.int. 0.03094 - 0.04212)
1 ROUGE-3 Average_F: 0.03489 (95%-conf.int. 0.02957 - 0.04022)
---------------------------------------------
1 ROUGE-4 Average_R: 0.01619 (95%-conf.int. 0.01294 - 0.01955)
1 ROUGE-4 Average_P: 0.01769 (95%-conf.int. 0.01410 - 0.02147)
1 ROUGE-4 Average_F: 0.01690 (95%-conf.int. 0.01350 - 0.02047)
---------------------------------------------
1 ROUGE-L Average_R: 0.35429 (95%-conf.int. 0.34202 - 0.36662)
1 ROUGE-L Average_P: 0.38691 (95%-conf.int. 0.37504 - 0.39948)
1 ROUGE-L Average_F: 0.36967 (95%-conf.int. 0.35754 - 0.38227)
---------------------------------------------
1 ROUGE-W-1.2 Average_R: 0.10322 (95%-conf.int. 0.09977 - 0.10658)
1 ROUGE-W-1.2 Average_P: 0.20952 (95%-conf.int. 0.20273 - 0.21644)
1 ROUGE-W-1.2 Average_F: 0.13821 (95%-conf.int. 0.13380 - 0.14291)
---------------------------------------------
1 ROUGE-SU4 Average_R: 0.14458 (95%-conf.int. 0.13625 - 0.15316)
1 ROUGE-SU4 Average_P: 0.15800 (95%-conf.int. 0.14942 - 0.16713)
1 ROUGE-SU4 Average_F: 0.15091 (95%-conf.int. 0.14244 - 0.15968)
